TN:
SF:app.js
FN:28,(anonymous_0)
FN:29,(anonymous_1)
FNF:2
FNH:0
FNDA:0,(anonymous_0)
FNDA:0,(anonymous_1)
DA:1,5
DA:2,5
DA:3,5
DA:6,5
DA:7,5
DA:8,5
DA:9,5
DA:11,5
DA:13,5
DA:14,5
DA:23,5
DA:24,5
DA:25,5
DA:26,5
DA:28,5
DA:29,0
DA:30,0
DA:31,0
DA:32,0
DA:37,5
LF:20
LH:16
BRDA:16,0,0,5
BRDA:16,0,1,5
BRDA:30,1,0,0
BRDA:30,1,1,0
BRF:4
BRH:2
end_of_record
TN:
SF:config\cloudinary.js
FNF:0
FNH:0
DA:1,3
DA:3,3
DA:9,3
LF:3
LH:3
BRF:0
BRH:0
end_of_record
TN:
SF:controllers\authControllers.js
FN:8,(anonymous_0)
FN:12,(anonymous_1)
FN:48,(anonymous_2)
FN:78,(anonymous_3)
FN:92,(anonymous_4)
FN:108,(anonymous_5)
FN:151,(anonymous_6)
FN:177,(anonymous_7)
FN:192,(anonymous_8)
FNF:9
FNH:9
FNDA:6,(anonymous_0)
FNDA:5,(anonymous_1)
FNDA:5,(anonymous_2)
FNDA:3,(anonymous_3)
FNDA:7,(anonymous_4)
FNDA:6,(anonymous_5)
FNDA:5,(anonymous_6)
FNDA:2,(anonymous_7)
FNDA:4,(anonymous_8)
DA:1,5
DA:2,5
DA:3,5
DA:4,5
DA:5,5
DA:6,5
DA:8,5
DA:9,6
DA:12,5
DA:13,5
DA:15,5
DA:16,1
DA:19,4
DA:20,4
DA:22,4
DA:23,1
DA:28,3
DA:29,3
DA:31,3
DA:38,2
DA:44,1
DA:48,5
DA:49,5
DA:51,5
DA:52,1
DA:55,4
DA:56,4
DA:58,3
DA:59,1
DA:62,2
DA:64,2
DA:65,1
DA:68,1
DA:74,1
DA:78,5
DA:79,3
DA:80,3
DA:82,2
DA:83,1
DA:86,1
DA:88,1
DA:92,5
DA:93,7
DA:94,7
DA:95,3
DA:98,4
DA:102,2
DA:104,2
DA:108,5
DA:109,6
DA:110,6
DA:111,6
DA:113,5
DA:114,1
DA:117,4
DA:118,4
DA:120,4
DA:121,2
DA:122,2
DA:123,1
DA:127,1
DA:131,3
DA:132,1
DA:133,1
DA:136,3
DA:138,3
DA:147,1
DA:151,5
DA:152,5
DA:153,5
DA:155,4
DA:156,1
DA:159,3
DA:160,1
DA:163,2
DA:164,2
DA:165,2
DA:167,2
DA:172,2
DA:178,2
DA:179,1
DA:183,1
DA:188,1
DA:192,5
DA:193,4
DA:194,4
DA:196,3
DA:197,1
DA:200,2
DA:205,2
DA:206,2
DA:207,2
DA:208,2
DA:210,2
DA:216,1
DA:218,1
DA:220,2
DA:224,5
LF:98
LH:98
BRDA:15,0,0,1
BRDA:15,0,1,4
BRDA:15,1,0,5
BRDA:15,1,1,4
BRDA:15,1,2,4
BRDA:22,2,0,1
BRDA:22,2,1,3
BRDA:51,3,0,1
BRDA:51,3,1,4
BRDA:51,4,0,5
BRDA:51,4,1,4
BRDA:58,5,0,1
BRDA:58,5,1,2
BRDA:64,6,0,1
BRDA:64,6,1,1
BRDA:82,7,0,1
BRDA:82,7,1,1
BRDA:94,8,0,3
BRDA:94,8,1,4
BRDA:113,9,0,1
BRDA:113,9,1,4
BRDA:117,10,0,4
BRDA:117,10,1,3
BRDA:118,11,0,4
BRDA:118,11,1,3
BRDA:120,12,0,2
BRDA:120,12,1,2
BRDA:122,13,0,1
BRDA:122,13,1,1
BRDA:131,14,0,1
BRDA:131,14,1,2
BRDA:155,15,0,1
BRDA:155,15,1,3
BRDA:159,16,0,1
BRDA:159,16,1,2
BRDA:178,17,0,1
BRDA:178,17,1,1
BRDA:196,18,0,1
BRDA:196,18,1,2
BRDA:205,19,0,2
BRDA:205,19,1,0
BRF:41
BRH:40
end_of_record
TN:
SF:controllers\dashboardControllers.js
FN:5,(anonymous_0)
FN:26,(anonymous_1)
FN:36,(anonymous_2)
FN:42,(anonymous_3)
FN:45,(anonymous_4)
FN:50,(anonymous_5)
FNF:6
FNH:6
FNDA:2,(anonymous_0)
FNDA:1,(anonymous_1)
FNDA:1,(anonymous_2)
FNDA:1,(anonymous_3)
FNDA:1,(anonymous_4)
FNDA:1,(anonymous_5)
DA:1,5
DA:2,5
DA:3,5
DA:5,5
DA:6,2
DA:7,2
DA:8,2
DA:10,2
DA:15,1
DA:20,1
DA:25,1
DA:26,1
DA:30,1
DA:35,1
DA:36,1
DA:40,1
DA:42,1
DA:45,1
DA:50,1
DA:52,1
DA:68,1
DA:72,5
LF:22
LH:22
BRDA:54,0,0,1
BRDA:54,0,1,0
BRDA:54,1,0,1
BRDA:54,1,1,0
BRDA:55,2,0,1
BRDA:55,2,1,0
BRDA:56,3,0,1
BRDA:56,3,1,0
BRF:8
BRH:4
end_of_record
TN:
SF:controllers\expenseControllers.js
FN:4,(anonymous_0)
FN:29,(anonymous_1)
FN:40,(anonymous_2)
FN:56,(anonymous_3)
FN:61,(anonymous_4)
FNF:5
FNH:5
FNDA:3,(anonymous_0)
FNDA:2,(anonymous_1)
FNDA:3,(anonymous_2)
FNDA:2,(anonymous_3)
FNDA:1,(anonymous_4)
DA:1,5
DA:2,5
DA:4,5
DA:5,3
DA:6,3
DA:7,3
DA:9,3
DA:10,1
DA:13,2
DA:21,2
DA:23,1
DA:25,1
DA:29,5
DA:30,2
DA:31,2
DA:32,2
DA:34,1
DA:36,1
DA:40,5
DA:41,3
DA:42,3
DA:44,2
DA:45,1
DA:47,1
DA:49,1
DA:52,1
DA:56,5
DA:57,2
DA:58,2
DA:59,2
DA:61,1
DA:67,1
DA:68,1
DA:69,1
DA:70,1
DA:71,1
DA:75,1
DA:79,1
DA:81,1
DA:85,5
LF:40
LH:40
BRDA:9,0,0,1
BRDA:9,0,1,2
BRDA:9,1,0,3
BRDA:9,1,1,2
BRDA:9,1,2,2
BRDA:44,2,0,1
BRDA:44,2,1,1
BRF:7
BRH:7
end_of_record
TN:
SF:controllers\incomeControllers.js
FN:4,(anonymous_0)
FN:29,(anonymous_1)
FN:40,(anonymous_2)
FN:56,(anonymous_3)
FN:61,(anonymous_4)
FNF:5
FNH:5
FNDA:3,(anonymous_0)
FNDA:2,(anonymous_1)
FNDA:3,(anonymous_2)
FNDA:2,(anonymous_3)
FNDA:1,(anonymous_4)
DA:1,5
DA:2,5
DA:4,5
DA:5,3
DA:6,3
DA:7,3
DA:9,3
DA:10,1
DA:13,2
DA:21,2
DA:23,1
DA:25,1
DA:29,5
DA:30,2
DA:31,2
DA:32,2
DA:34,1
DA:36,1
DA:40,5
DA:41,3
DA:42,3
DA:44,2
DA:45,1
DA:47,1
DA:49,1
DA:52,1
DA:56,5
DA:57,2
DA:58,2
DA:59,2
DA:61,1
DA:67,1
DA:68,1
DA:69,1
DA:70,1
DA:71,1
DA:75,1
DA:79,1
DA:81,1
DA:85,5
LF:40
LH:40
BRDA:9,0,0,1
BRDA:9,0,1,2
BRDA:9,1,0,3
BRDA:9,1,1,2
BRDA:9,1,2,2
BRDA:44,2,0,1
BRDA:44,2,1,1
BRF:7
BRH:7
end_of_record
TN:
SF:middleware\auth.js
FN:3,(anonymous_0)
FNF:1
FNH:1
FNDA:19,(anonymous_0)
DA:1,2
DA:3,2
DA:4,19
DA:5,19
DA:6,19
DA:7,3
DA:9,16
DA:10,13
DA:11,13
DA:13,3
DA:17,2
LF:11
LH:11
BRDA:6,0,0,3
BRDA:6,0,1,16
BRF:2
BRH:2
end_of_record
TN:
SF:middleware\upload.js
FN:5,(anonymous_0)
FNF:1
FNH:1
FNDA:4,(anonymous_0)
DA:1,5
DA:3,5
DA:5,5
DA:6,4
DA:7,4
DA:8,3
DA:10,1
DA:14,5
DA:16,5
LF:9
LH:9
BRDA:7,0,0,3
BRDA:7,0,1,1
BRF:2
BRH:2
end_of_record
TN:
SF:models\Expense.js
FNF:0
FNH:0
DA:1,4
DA:3,4
DA:18,4
LF:3
LH:3
BRF:0
BRH:0
end_of_record
TN:
SF:models\Income.js
FNF:0
FNH:0
DA:1,4
DA:3,4
DA:18,4
LF:3
LH:3
BRF:0
BRH:0
end_of_record
TN:
SF:models\User.js
FNF:0
FNH:0
DA:1,5
DA:3,5
DA:13,5
LF:3
LH:3
BRF:0
BRH:0
end_of_record
TN:
SF:routes\authRoutes.js
FNF:0
FNH:0
DA:1,5
DA:2,5
DA:3,5
DA:12,5
DA:14,5
DA:16,5
DA:17,5
DA:18,5
DA:19,5
DA:20,5
DA:22,5
DA:24,5
DA:26,5
LF:13
LH:13
BRF:0
BRH:0
end_of_record
TN:
SF:routes\dashboardRoutes.js
FNF:0
FNH:0
DA:1,5
DA:2,5
DA:3,5
DA:5,5
DA:7,5
DA:9,5
LF:6
LH:6
BRF:0
BRH:0
end_of_record
TN:
SF:routes\expenseRoutes.js
FNF:0
FNH:0
DA:1,5
DA:2,5
DA:8,5
DA:10,5
DA:12,5
DA:13,5
DA:14,5
DA:15,5
DA:17,5
LF:9
LH:9
BRF:0
BRH:0
end_of_record
TN:
SF:routes\incomeRoutes.js
FNF:0
FNH:0
DA:1,5
DA:2,5
DA:8,5
DA:10,5
DA:12,5
DA:13,5
DA:14,5
DA:15,5
DA:17,5
LF:9
LH:9
BRF:0
BRH:0
end_of_record
